<?xml version="1.0" encoding="UTF-8"?>
<!-- Generated by org.testng.reporters.JUnitReportReporter -->
<testsuite hostname="NVUPKOOR-58LUQ" name="examples.NewTest" tests="1" failures="0" timestamp="15 Aug 2016 01:34:50 GMT" time="12.555" errors="0">
  <testcase name="f" time="12.555" classname="examples.NewTest"/>
</testsuite> <!-- examples.NewTest -->
